Build started 11/1/2016 5:42:18 PM.
     1>Project "C:\Users\rafu\documents\visual studio 2015\Projects\GAME230_Pong\GAME230_Pong\GAME230_Pong.vcxproj" on node 2 (Build target(s)).
     1>ClCompile:
         C:\Program Files (x86)\Microsoft Visual Studio 14.0\VC\bin\CL.exe /c /I"C:\Users\rafu\Documents\SFML-2.3.2\include" /ZI /nologo /W3 /WX- /Od /Oy- /D WIN32 /D _DEBUG /D _WINDOWS /D _UNICODE /D UNICODE /Gm /EHsc /RTC1 /MDd /GS /fp:precise /Zc:wchar_t /Zc:forScope /Zc:inline /Fo"Debug\\" /Fd"Debug\vc140.pdb" /Gd /TP /analyze- /errorReport:prompt Pong.cpp
         Pong.cpp
     1>c:\users\rafu\documents\visual studio 2015\projects\game230_pong\game230_pong\pong.cpp(14): warning C4244: 'argument': conversion from 'float' to 'unsigned int', possible loss of data
     1>c:\users\rafu\documents\visual studio 2015\projects\game230_pong\game230_pong\pong.cpp(15): warning C4244: 'argument': conversion from 'float' to 'int', possible loss of data
     1>c:\users\rafu\documents\visual studio 2015\projects\game230_pong\game230_pong\pong.cpp(16): warning C4244: 'argument': conversion from 'float' to 'int', possible loss of data
     1>c:\users\rafu\documents\visual studio 2015\projects\game230_pong\game230_pong\pong.cpp(29): warning C4244: 'argument': conversion from 'unsigned int' to 'float', possible loss of data
     1>c:\users\rafu\documents\visual studio 2015\projects\game230_pong\game230_pong\pong.cpp(34): warning C4244: 'argument': conversion from 'unsigned int' to 'float', possible loss of data
     1>c:\users\rafu\documents\visual studio 2015\projects\game230_pong\game230_pong\pong.cpp(38): warning C4244: 'argument': conversion from 'time_t' to 'unsigned int', possible loss of data
     1>c:\users\rafu\documents\visual studio 2015\projects\game230_pong\game230_pong\pong.cpp(47): warning C4244: 'argument': conversion from 'unsigned int' to 'float', possible loss of data
     1>c:\users\rafu\documents\visual studio 2015\projects\game230_pong\game230_pong\pong.cpp(52): warning C4244: 'argument': conversion from 'unsigned int' to 'float', possible loss of data
     1>c:\users\rafu\documents\visual studio 2015\projects\game230_pong\game230_pong\pong.cpp(57): warning C4244: 'argument': conversion from 'unsigned int' to 'float', possible loss of data
     1>c:\users\rafu\documents\visual studio 2015\projects\game230_pong\game230_pong\pong.cpp(99): warning C4244: 'argument': conversion from 'float' to 'int', possible loss of data
     1>c:\users\rafu\documents\visual studio 2015\projects\game230_pong\game230_pong\pong.cpp(100): warning C4244: 'argument': conversion from 'float' to 'int', possible loss of data
     1>c:\users\rafu\documents\visual studio 2015\projects\game230_pong\game230_pong\pong.cpp(113): warning C4244: 'argument': conversion from 'unsigned int' to 'float', possible loss of data
     1>c:\users\rafu\documents\visual studio 2015\projects\game230_pong\game230_pong\pong.cpp(118): warning C4244: 'argument': conversion from 'unsigned int' to 'float', possible loss of data
     1>c:\users\rafu\documents\visual studio 2015\projects\game230_pong\game230_pong\pong.cpp(122): warning C4244: 'argument': conversion from 'time_t' to 'unsigned int', possible loss of data
     1>c:\users\rafu\documents\visual studio 2015\projects\game230_pong\game230_pong\pong.cpp(139): warning C4244: 'argument': conversion from 'unsigned int' to 'float', possible loss of data
     1>c:\users\rafu\documents\visual studio 2015\projects\game230_pong\game230_pong\pong.cpp(199): warning C4244: '=': conversion from 'double' to 'int', possible loss of data
     1>c:\users\rafu\documents\visual studio 2015\projects\game230_pong\game230_pong\pong.cpp(200): warning C4244: '=': conversion from 'double' to 'int', possible loss of data
     1>c:\users\rafu\documents\visual studio 2015\projects\game230_pong\game230_pong\pong.cpp(201): warning C4244: 'argument': conversion from 'unsigned int' to 'float', possible loss of data
     1>c:\users\rafu\documents\visual studio 2015\projects\game230_pong\game230_pong\pong.cpp(203): warning C4244: 'argument': conversion from 'double' to 'float', possible loss of data
     1>c:\users\rafu\documents\visual studio 2015\projects\game230_pong\game230_pong\pong.cpp(204): warning C4244: 'argument': conversion from 'unsigned int' to 'float', possible loss of data
     1>c:\users\rafu\documents\visual studio 2015\projects\game230_pong\game230_pong\pong.cpp(206): warning C4244: 'argument': conversion from 'double' to 'float', possible loss of data
     1>c:\users\rafu\documents\visual studio 2015\projects\game230_pong\game230_pong\pong.cpp(209): warning C4244: 'argument': conversion from 'unsigned int' to 'float', possible loss of data
     1>c:\users\rafu\documents\visual studio 2015\projects\game230_pong\game230_pong\pong.cpp(210): warning C4244: 'argument': conversion from 'unsigned int' to 'float', possible loss of data
     1>c:\users\rafu\documents\visual studio 2015\projects\game230_pong\game230_pong\pong.cpp(179): warning C4101: 'result': unreferenced local variable
     1>c:\users\rafu\documents\visual studio 2015\projects\game230_pong\game230_pong\pong.cpp(177): warning C4101: 'random': unreferenced local variable
     1>c:\users\rafu\documents\visual studio 2015\projects\game230_pong\game230_pong\pong.cpp(475): warning C4244: '=': conversion from 'int' to 'float', possible loss of data
       Link:
         C:\Program Files (x86)\Microsoft Visual Studio 14.0\VC\bin\link.exe /ERRORREPORT:PROMPT /OUT:"C:\Users\rafu\documents\visual studio 2015\Projects\GAME230_Pong\Debug\GAME230_Pong.exe" /INCREMENTAL /NOLOGO /LIBPATH:"C:\Users\rafu\Documents\SFML-2.3.2\lib" "sfml-main-d.lib" "sfml-system-d.lib" "sfml-audio-d.lib" "sfml-window-d.lib" "sfml-network-d.lib" "sfml-graphics-d.lib" openal32.lib kernel32.lib user32.lib gdi32.lib winspool.lib comdlg32.lib advapi32.lib shell32.lib ole32.lib oleaut32.lib uuid.lib odbc32.lib odbccp32.lib kernel32.lib user32.lib gdi32.lib winspool.lib comdlg32.lib advapi32.lib shell32.lib ole32.lib oleaut32.lib uuid.lib odbc32.lib odbccp32.lib /MANIFEST /MANIFESTUAC:"level='asInvoker' uiAccess='false'" /manifest:embed /Debug /PDB:"C:\Users\rafu\documents\visual studio 2015\Projects\GAME230_Pong\Debug\GAME230_Pong.pdb" /SUBSYSTEM:CONSOLE /TLBID:1 /DYNAMICBASE /NXCOMPAT /IMPLIB:"C:\Users\rafu\documents\visual studio 2015\Projects\GAME230_Pong\Debug\GAME230_Pong.lib" /MACHINE:X86 Debug\Ball.obj
         Debug\main.obj
         Debug\Paddle.obj
         Debug\Pong.obj
         GAME230_Pong.vcxproj -> C:\Users\rafu\documents\visual studio 2015\Projects\GAME230_Pong\Debug\GAME230_Pong.exe
     1>Done Building Project "C:\Users\rafu\documents\visual studio 2015\Projects\GAME230_Pong\GAME230_Pong\GAME230_Pong.vcxproj" (Build target(s)).

Build succeeded.

Time Elapsed 00:00:01.28
